INFO: [SIM 2] *************** CSIM start ***************
INFO: [SIM 4] CSIM will launch GCC as the compiler.
   Compiling(apcc) ../../../../TestMakeHT2.c in debug mode
INFO: [HLS 200-10] Running '/data/tools/Vivado_HLS/2016.4/bin/unwrapped/lnx64.o/apcc'
INFO: [HLS 200-10] For user 'ssekhar' on host 'uwlogin.cern.ch' (Linux_x86_64 version 2.6.32-696.6.3.el6.aufs21.x86_64) on Sat Sep 09 08:45:46 CEST 2017
INFO: [HLS 200-10] On os "Scientific Linux CERN SLC release 6.9 (Carbon)"
INFO: [HLS 200-10] In directory '/data/ssekhar/VivadoStuff/HT2/MakeHT3/solution1/csim/build'
INFO: [APCC 202-3] Tmp directory is /tmp/apcc_db_ssekhar/31357811504939546620254
INFO: [APCC 202-1] APCC is done.
   Compiling(apcc) ../../../../MakeHT2.c in debug mode
INFO: [HLS 200-10] Running '/data/tools/Vivado_HLS/2016.4/bin/unwrapped/lnx64.o/apcc'
INFO: [HLS 200-10] For user 'ssekhar' on host 'uwlogin.cern.ch' (Linux_x86_64 version 2.6.32-696.6.3.el6.aufs21.x86_64) on Sat Sep 09 08:45:47 CEST 2017
INFO: [HLS 200-10] On os "Scientific Linux CERN SLC release 6.9 (Carbon)"
INFO: [HLS 200-10] In directory '/data/ssekhar/VivadoStuff/HT2/MakeHT3/solution1/csim/build'
INFO: [APCC 202-3] Tmp directory is /tmp/apcc_db_ssekhar/31358511504939547832448
INFO: [APCC 202-1] APCC is done.
   Generating csim.exe
C says: HT[0] = 41502; HLS says: HT[0] = 41502
C says: HT[1] = 310; HLS says: HT[1] = 310
C says: HT[2] = 80; HLS says: HT[2] = 80
INFO: [SIM 1] CSim done with 0 errors.
INFO: [SIM 3] *************** CSIM finish ***************
